<?xml version="1.0" encoding="UTF-8"?>
<testng-results ignored="0" total="1" passed="1" failed="0" skipped="0">
  <reporter-output>
  </reporter-output>
  <suite started-at="2024-05-08T14:31:04 IST" name="Suite" finished-at="2024-05-08T14:31:04 IST" duration-ms="51">
    <groups>
    </groups>
    <test started-at="2024-05-08T14:31:04 IST" name="Test" finished-at="2024-05-08T14:31:04 IST" duration-ms="51">
      <class name="com.test.AWSTESTFile">
        <test-method is-config="true" signature="setUp()[pri:0, instance:com.test.AWSTESTFile@130d63be]" started-at="2024-05-08T14:31:04 IST" name="setUp" finished-at="2024-05-08T14:31:04 IST" duration-ms="8" status="PASS">
          <reporter-output>
          </reporter-output>
        </test-method> <!-- setUp -->
        <test-method signature="fileUpload()[pri:0, instance:com.test.AWSTESTFile@130d63be]" started-at="2024-05-08T14:31:04 IST" name="fileUpload" finished-at="2024-05-08T14:31:04 IST" duration-ms="5" status="PASS">
          <reporter-output>
          </reporter-output>
        </test-method> <!-- fileUpload -->
        <test-method is-config="true" signature="tearDown()[pri:0, instance:com.test.AWSTESTFile@130d63be]" started-at="2024-05-08T14:31:04 IST" name="tearDown" finished-at="2024-05-08T14:31:04 IST" duration-ms="1" status="PASS">
          <reporter-output>
          </reporter-output>
        </test-method> <!-- tearDown -->
      </class> <!-- com.test.AWSTESTFile -->
    </test> <!-- Test -->
  </suite> <!-- Suite -->
</testng-results>
